# JRE version: OpenJDK Runtime Environment (8.0_152-b01) (build 1.8.0_152-release-915-b01)
# Java VM: OpenJDK Server VM (25.152-b01 mixed mode windows-x86 )
Heap:
 def new generation   total 32256K, used 17568K [0x10e00000, 0x130f0000, 0x26350000)
  eden space 28736K,  48% used [0x10e00000, 0x11bb8200, 0x12a10000)
  from space 3520K, 100% used [0x12d80000, 0x130f0000, 0x130f0000)
  to   space 3520K,   0% used [0x12a10000, 0x12a10000, 0x12d80000)
 tenured generation   total 71336K, used 59404K [0x26350000, 0x2a8fa000, 0x50e00000)
   the space 71336K,  83% used [0x26350000, 0x29d53328, 0x29d53400, 0x2a8fa000)
 Metaspace       used 45429K, capacity 46906K, committed 46976K, reserved 47488K
GC Heap History (10 events):
Event: 295.876 GC heap before
{Heap before GC invocations=90 (full 4):
 def new generation   total 32256K, used 31257K [0x10e00000, 0x130f0000, 0x26350000)
  eden space 28736K, 100% used [0x10e00000, 0x12a10000, 0x12a10000)
  from space 3520K,  71% used [0x12a10000, 0x12c86628, 0x12d80000)
  to   space 3520K,   0% used [0x12d80000, 0x12d80000, 0x130f0000)
 tenured generation   total 71336K, used 50629K [0x26350000, 0x2a8fa000, 0x50e00000)
   the space 71336K,  70% used [0x26350000, 0x294c1790, 0x294c1800, 0x2a8fa000)
 Metaspace       used 43904K, capacity 45341K, committed 45440K, reserved 45440K
Event: 295.902 GC heap after
Heap after GC invocations=91 (full 4):
 def new generation   total 32256K, used 1552K [0x10e00000, 0x130f0000, 0x26350000)
  eden space 28736K,   0% used [0x10e00000, 0x10e00000, 0x12a10000)
  from space 3520K,  44% used [0x12d80000, 0x12f04378, 0x130f0000)
  to   space 3520K,   0% used [0x12a10000, 0x12a10000, 0x12d80000)
 tenured generation   total 71336K, used 52459K [0x26350000, 0x2a8fa000, 0x50e00000)
   the space 71336K,  73% used [0x26350000, 0x2968ad00, 0x2968ae00, 0x2a8fa000)
 Metaspace       used 43904K, capacity 45341K, committed 45440K, reserved 45440K
}
Event: 296.518 GC heap before
{Heap before GC invocations=91 (full 4):
 def new generation   total 32256K, used 30288K [0x10e00000, 0x130f0000, 0x26350000)
  eden space 28736K, 100% used [0x10e00000, 0x12a10000, 0x12a10000)
  from space 3520K,  44% used [0x12d80000, 0x12f04378, 0x130f0000)
  to   space 3520K,   0% used [0x12a10000, 0x12a10000, 0x12d80000)
 tenured generation   total 71336K, used 52459K [0x26350000, 0x2a8fa000, 0x50e00000)
   the space 71336K,  73% used [0x26350000, 0x2968ad00, 0x2968ae00, 0x2a8fa000)
 Metaspace       used 43905K, capacity 45341K, committed 45440K, reserved 45440K
Event: 296.531 GC heap after
Heap after GC invocations=92 (full 4):
 def new generation   total 32256K, used 1921K [0x10e00000, 0x130f0000, 0x26350000)
  eden space 28736K,   0% used [0x10e00000, 0x10e00000, 0x12a10000)
  from space 3520K,  54% used [0x12a10000, 0x12bf0548, 0x12d80000)
  to   space 3520K,   0% used [0x12d80000, 0x12d80000, 0x130f0000)
 tenured generation   total 71336K, used 52459K [0x26350000, 0x2a8fa000, 0x50e00000)
   the space 71336K,  73% used [0x26350000, 0x2968ad00, 0x2968ae00, 0x2a8fa000)
 Metaspace       used 43905K, capacity 45341K, committed 45440K, reserved 45440K
}
Event: 300.961 GC heap before
{Heap before GC invocations=92 (full 4):
 def new generation   total 32256K, used 30657K [0x10e00000, 0x130f0000, 0x26350000)
  eden space 28736K, 100% used [0x10e00000, 0x12a10000, 0x12a10000)
  from space 3520K,  54% used [0x12a10000, 0x12bf0548, 0x12d80000)
  to   space 3520K,   0% used [0x12d80000, 0x12d80000, 0x130f0000)
 tenured generation   total 71336K, used 52459K [0x26350000, 0x2a8fa000, 0x50e00000)
   the space 71336K,  73% used [0x26350000, 0x2968ad00, 0x2968ae00, 0x2a8fa000)
 Metaspace       used 43970K, capacity 45432K, committed 45440K, reserved 45440K
Event: 300.987 GC heap after
Heap after GC invocations=93 (full 4):
 def new generation   total 32256K, used 2495K [0x10e00000, 0x130f0000, 0x26350000)
  eden space 28736K,   0% used [0x10e00000, 0x10e00000, 0x12a10000)
  from space 3520K,  70% used [0x12d80000, 0x12fefdc8, 0x130f0000)
  to   space 3520K,   0% used [0x12a10000, 0x12a10000, 0x12d80000)
 tenured generation   total 71336K, used 53740K [0x26350000, 0x2a8fa000, 0x50e00000)
   the space 71336K,  75% used [0x26350000, 0x297cb1c8, 0x297cb200, 0x2a8fa000)
 Metaspace       used 43970K, capacity 45432K, committed 45440K, reserved 45440K
}
Event: 305.721 GC heap before
{Heap before GC invocations=93 (full 4):
 def new generation   total 32256K, used 31231K [0x10e00000, 0x130f0000, 0x26350000)
  eden space 28736K, 100% used [0x10e00000, 0x12a10000, 0x12a10000)
  from space 3520K,  70% used [0x12d80000, 0x12fefdc8, 0x130f0000)
  to   space 3520K,   0% used [0x12a10000, 0x12a10000, 0x12d80000)
 tenured generation   total 71336K, used 53740K [0x26350000, 0x2a8fa000, 0x50e00000)
   the space 71336K,  75% used [0x26350000, 0x297cb1c8, 0x297cb200, 0x2a8fa000)
 Metaspace       used 44488K, capacity 45962K, committed 46080K, reserved 46464K
Event: 305.759 GC heap after
Heap after GC invocations=94 (full 4):
 def new generation   total 32256K, used 3399K [0x10e00000, 0x130f0000, 0x26350000)
  eden space 28736K,   0% used [0x10e00000, 0x10e00000, 0x12a10000)
  from space 3520K,  96% used [0x12a10000, 0x12d61c30, 0x12d80000)
  to   space 3520K,   0% used [0x12d80000, 0x12d80000, 0x130f0000)
 tenured generation   total 71336K, used 56194K [0x26350000, 0x2a8fa000, 0x50e00000)
   the space 71336K,  78% used [0x26350000, 0x29a30950, 0x29a30a00, 0x2a8fa000)
 Metaspace       used 44488K, capacity 45962K, committed 46080K, reserved 46464K
}
Event: 309.768 GC heap before
{Heap before GC invocations=94 (full 4):
 def new generation   total 32256K, used 32135K [0x10e00000, 0x130f0000, 0x26350000)
  eden space 28736K, 100% used [0x10e00000, 0x12a10000, 0x12a10000)
  from space 3520K,  96% used [0x12a10000, 0x12d61c30, 0x12d80000)
  to   space 3520K,   0% used [0x12d80000, 0x12d80000, 0x130f0000)
 tenured generation   total 71336K, used 56194K [0x26350000, 0x2a8fa000, 0x50e00000)
   the space 71336K,  78% used [0x26350000, 0x29a30950, 0x29a30a00, 0x2a8fa000)
 Metaspace       used 44710K, capacity 46162K, committed 46208K, reserved 46464K
Event: 309.814 GC heap after
Heap after GC invocations=95 (full 4):
 def new generation   total 32256K, used 3520K [0x10e00000, 0x130f0000, 0x26350000)
  eden space 28736K,   0% used [0x10e00000, 0x10e00000, 0x12a10000)
  from space 3520K, 100% used [0x12d80000, 0x130f0000, 0x130f0000)
  to   space 3520K,   0% used [0x12a10000, 0x12a10000, 0x12d80000)
 tenured generation   total 71336K, used 59404K [0x26350000, 0x2a8fa000, 0x50e00000)
   the space 71336K,  83% used [0x26350000, 0x29d53328, 0x29d53400, 0x2a8fa000)
 Metaspace       used 44710K, capacity 46162K, committed 46208K, reserved 46464K
}

